<?xml version="1.0" encoding="UTF-8" ?>
<testsuite tests="3" failures="0" name="com.mycompany.controller.HistoryDAOTest" time="0.323" errors="0" skipped="0">
  <properties>
[...]
</properties>
  <testcase classname="com.mycompany.controller.HistoryDAOTest" name="com.mycompany.controller.HistoryDAOTest.testAddHistory" time="0.318"/>
  <testcase classname="com.mycompany.controller.HistoryDAOTest" name="com.mycompany.controller.HistoryDAOTest.testGetUserHistory" time="0.001"/>
  <testcase classname="com.mycompany.controller.HistoryDAOTest" name="com.mycompany.controller.HistoryDAOTest.testGetAdminHistory" time="0.004"/>
</testsuite>