<?xml version="1.0" encoding="UTF-8" ?>
<testsuite tests="6" failures="0" name="com.mycompany.controller.UserDAOTest" time="0.344" errors="0" skipped="0">
  <properties>
[...]
</properties>
  <testcase classname="com.mycompany.controller.UserDAOTest" name="com.mycompany.controller.UserDAOTest.testUsername_exists" time="0.329"/>
  <testcase classname="com.mycompany.controller.UserDAOTest" name="com.mycompany.controller.UserDAOTest.testEmpty_fields_detected" time="0"/>
  <testcase classname="com.mycompany.controller.UserDAOTest" name="com.mycompany.controller.UserDAOTest.testPassword_short_length" time="0"/>
  <testcase classname="com.mycompany.controller.UserDAOTest" name="com.mycompany.controller.UserDAOTest.testPassword_mismatch" time="0"/>
  <testcase classname="com.mycompany.controller.UserDAOTest" name="com.mycompany.controller.UserDAOTest.testInvallid_date" time="0.003"/>
  <testcase classname="com.mycompany.controller.UserDAOTest" name="com.mycompany.controller.UserDAOTest.testAddUser" time="0.012"/>
</testsuite>